Using pre-set license
Built from '2020.3/staging' branch; Version is '2020.3.23f1 (c5d91304a876) revision 12966163'; Using compiler version '192528614'; Build Type 'Release'
OS: 'Windows 10 Home; OS build 19044.1586; Version 2009; 64bit' Language: 'en' Physical Memory: 65457 MB
BatchMode: 1, IsHumanControllingUs: 0, StartBugReporterOnCrash: 0, Is64bit: 1, IsPro: 0

COMMAND LINE ARGUMENTS:
C:\Program Files\Unity\Hub\Editor\2020.3.23f1\Editor\Unity.exe
-adb2
-batchMode
-noUpm
-name
AssetImportWorker0
-projectPath
E:/Centennial/2022/Simulation/SeriousGameRepo/Colour-Sim
-logFile
Logs/AssetImportWorker0.log
-srvPort
63535
Successfully changed project path to: E:/Centennial/2022/Simulation/SeriousGameRepo/Colour-Sim
E:/Centennial/2022/Simulation/SeriousGameRepo/Colour-Sim
Using Asset Import Pipeline V2.
Refreshing native plugins compatible for Editor in 52.92 ms, found 2 plugins.
Preloading 0 native plugins for Editor in 0.00 ms.
Initialize engine version: 2020.3.23f1 (c5d91304a876)
[Subsystems] Discovering subsystems at path C:/Program Files/Unity/Hub/Editor/2020.3.23f1/Editor/Data/Resources/UnitySubsystems
[Subsystems] Discovering subsystems at path E:/Centennial/2022/Simulation/SeriousGameRepo/Colour-Sim/Assets
GfxDevice: creating device client; threaded=0
Direct3D:
    Version:  Direct3D 11.0 [level 11.1]
    Renderer: NVIDIA GeForce GTX 1660 (ID=0x2184)
    Vendor:   
    VRAM:     5991 MB
    Driver:   27.21.14.5671
Initialize mono
Mono path[0] = 'C:/Program Files/Unity/Hub/Editor/2020.3.23f1/Editor/Data/Managed'
Mono path[1] = 'C:/Program Files/Unity/Hub/Editor/2020.3.23f1/Editor/Data/MonoBleedingEdge/lib/mono/unityjit'
Mono config path = 'C:/Program Files/Unity/Hub/Editor/2020.3.23f1/Editor/Data/MonoBleedingEdge/etc'
Using monoOptions --debugger-agent=transport=dt_socket,embedding=1,server=y,suspend=n,address=127.0.0.1:56320
Begin MonoManager ReloadAssembly
Registering precompiled unity dll's ...
Register platform support module: C:/Program Files/Unity/Hub/Editor/2020.3.23f1/Editor/Data/PlaybackEngines/WindowsStandaloneSupport/UnityEditor.WindowsStandalone.Extensions.dll
Registered in 0.002858 seconds.
Native extension for WindowsStandalone target not found
Refreshing native plugins compatible for Editor in 46.55 ms, found 2 plugins.
Preloading 0 native plugins for Editor in 0.00 ms.
Mono: successfully reloaded assembly
- Completed reload, in  0.769 seconds
Domain Reload Profiling:
	ReloadAssembly (769ms)
		BeginReloadAssembly (72ms)
			ExecutionOrderSort (0ms)
			DisableScriptedObjects (0ms)
			BackupInstance (0ms)
			ReleaseScriptingObjects (0ms)
			CreateAndSetChildDomain (1ms)
		EndReloadAssembly (597ms)
			LoadAssemblies (69ms)
			RebuildTransferFunctionScriptingTraits (0ms)
			SetupTypeCache (202ms)
			ReleaseScriptCaches (0ms)
			RebuildScriptCaches (39ms)
			SetupLoadedEditorAssemblies (225ms)
				LogAssemblyErrors (0ms)
				InitializePlatformSupportModulesInManaged (6ms)
				SetLoadedEditorAssemblies (0ms)
				RefreshPlugins (47ms)
				BeforeProcessingInitializeOnLoad (21ms)
				ProcessInitializeOnLoadAttributes (114ms)
				ProcessInitializeOnLoadMethodAttributes (36ms)
				AfterProcessingInitializeOnLoad (0ms)
				EditorAssembliesLoaded (0ms)
			ExecutionOrderSort2 (0ms)
			AwakeInstancesAfterBackupRestoration (0ms)
Platform modules already initialized, skipping
Registering precompiled user dll's ...
Registered in 0.008813 seconds.
Begin MonoManager ReloadAssembly
Native extension for WindowsStandalone target not found
Refreshing native plugins compatible for Editor in 0.48 ms, found 2 plugins.
Preloading 0 native plugins for Editor in 0.00 ms.
Mono: successfully reloaded assembly
- Completed reload, in  1.366 seconds
Domain Reload Profiling:
	ReloadAssembly (1367ms)
		BeginReloadAssembly (192ms)
			ExecutionOrderSort (0ms)
			DisableScriptedObjects (6ms)
			BackupInstance (0ms)
			ReleaseScriptingObjects (0ms)
			CreateAndSetChildDomain (22ms)
		EndReloadAssembly (1088ms)
			LoadAssemblies (124ms)
			RebuildTransferFunctionScriptingTraits (0ms)
			SetupTypeCache (371ms)
			ReleaseScriptCaches (0ms)
			RebuildScriptCaches (56ms)
			SetupLoadedEditorAssemblies (406ms)
				LogAssemblyErrors (0ms)
				InitializePlatformSupportModulesInManaged (6ms)
				SetLoadedEditorAssemblies (1ms)
				RefreshPlugins (1ms)
				BeforeProcessingInitializeOnLoad (121ms)
				ProcessInitializeOnLoadAttributes (255ms)
				ProcessInitializeOnLoadMethodAttributes (12ms)
				AfterProcessingInitializeOnLoad (10ms)
				EditorAssembliesLoaded (0ms)
			ExecutionOrderSort2 (0ms)
			AwakeInstancesAfterBackupRestoration (8ms)
Platform modules already initialized, skipping
========================================================================
Worker process is ready to serve import requests
Launched and connected shader compiler UnityShaderCompiler.exe after 0.08 seconds
Refreshing native plugins compatible for Editor in 0.68 ms, found 2 plugins.
Preloading 0 native plugins for Editor in 0.00 ms.
Unloading 1548 Unused Serialized files (Serialized files now loaded: 0)
System memory in use before: 70.4 MB.
System memory in use after: 70.5 MB.

Unloading 19 unused Assets to reduce memory usage. Loaded Objects now: 1981.
Total: 3.489700 ms (FindLiveObjects: 0.210500 ms CreateObjectMapping: 0.073900 ms MarkObjects: 3.134700 ms  DeleteObjects: 0.069200 ms)

AssetImportParameters requested are different than current active one (requested -> active):
  custom:framework-win-MediaFoundation: 216162199b28c13a410421893ffa2e32 -> 
  custom:video-decoder-ogg-theora: a1e56fd34408186e4bbccfd4996cb3dc -> 
  custom:container-muxer-webm: aa71ff27fc2769a1b78a27578f13a17b -> 
  custom:container-demuxer-webm: 4f35f7cbe854078d1ac9338744f61a02 -> 
  custom:container-demuxer-ogg: 62fdf1f143b41e24485cea50d1cbac27 -> 
  custom:video-encoder-webm-vp8: eb34c28f22e8b96e1ab97ce403110664 -> 
  custom:video-codec-MediaFoundation-h265: 746d11721c4dcdbdad8f713fa42b33f4 -> 
  custom:video-decoder-webm-vp8: 9c59270c3fd7afecdb556c50c9e8de78 -> 
  custom:audio-decoder-ogg-vorbis: bf7c407c2cedff20999df2af8eb42d56 -> 
  custom:audio-encoder-webm-vorbis: bf7c407c2cedff20999df2af8eb42d56 -> 
========================================================================
Received Import Request.
  path: Assets/Easy Character Movement/Examples/Prefabs/Ethan.prefab
  artifactKey: Guid(ee7ad282805ec7243af64550c5a0b2e0) Importer(815301076,1909f56bfc062723c751e8b465ee728b)
Start importing Assets/Easy Character Movement/Examples/Prefabs/Ethan.prefab using Guid(ee7ad282805ec7243af64550c5a0b2e0) Importer(815301076,1909f56bfc062723c751e8b465ee728b)  -> (artifact id: '78aa0cf1adfb9a36d0a706bf469beb21') in 1.307213 seconds 
  Import took 1.313821 seconds .

========================================================================
Received Import Request.
  Time since last request: 0.000330 seconds.
  path: Assets/Easy Character Movement/Examples/Prefabs/Demo_Level.prefab
  artifactKey: Guid(5ff8aa75c80a00e4e959533a1cb79a5a) Importer(815301076,1909f56bfc062723c751e8b465ee728b)
Start importing Assets/Easy Character Movement/Examples/Prefabs/Demo_Level.prefab using Guid(5ff8aa75c80a00e4e959533a1cb79a5a) Importer(815301076,1909f56bfc062723c751e8b465ee728b)  -> (artifact id: '074b78ed2b08943bb1956a5e54402228') in 0.133874 seconds 
  Import took 0.137153 seconds .

========================================================================
Received Import Request.
  Time since last request: 30.228467 seconds.
  path: Assets/Ghost
  artifactKey: Guid(816fe6a0bf7099b4ca31706a9e9f10ff) Importer(815301076,1909f56bfc062723c751e8b465ee728b)
Start importing Assets/Ghost using Guid(816fe6a0bf7099b4ca31706a9e9f10ff) Importer(815301076,1909f56bfc062723c751e8b465ee728b)  -> (artifact id: 'f4da517afb305293e90794595c3d5999') in 0.028288 seconds 
  Import took 0.031595 seconds .

========================================================================
Received Import Request.
  Time since last request: 0.148300 seconds.
  path: Assets/Ghost/ghost.obj
  artifactKey: Guid(e2b54b04879846f4696fe3906be4b753) Importer(815301076,1909f56bfc062723c751e8b465ee728b)
Start importing Assets/Ghost/ghost.obj using Guid(e2b54b04879846f4696fe3906be4b753) Importer(815301076,1909f56bfc062723c751e8b465ee728b)  -> (artifact id: 'e7bff15f173b43ee523266acde420828') in 0.139922 seconds 
  Import took 0.143355 seconds .

========================================================================
Received Import Request.
  Time since last request: 0.000331 seconds.
  path: Assets/Ghost/ghost.png
  artifactKey: Guid(352446ef08b20634f8d0178059291ea9) Importer(815301076,1909f56bfc062723c751e8b465ee728b)
Start importing Assets/Ghost/ghost.png using Guid(352446ef08b20634f8d0178059291ea9) Importer(815301076,1909f56bfc062723c751e8b465ee728b)  -> (artifact id: '4a4c4c2a389c0ff10fe0aae0da982bb1') in 0.065700 seconds 
  Import took 0.068831 seconds .

========================================================================
Received Prepare
Registering precompiled user dll's ...
Registered in 0.008225 seconds.
Begin MonoManager ReloadAssembly
Native extension for WindowsStandalone target not found
Refreshing native plugins compatible for Editor in 0.47 ms, found 2 plugins.
Preloading 0 native plugins for Editor in 0.00 ms.
Mono: successfully reloaded assembly
- Completed reload, in  1.264 seconds
Domain Reload Profiling:
	ReloadAssembly (1265ms)
		BeginReloadAssembly (135ms)
			ExecutionOrderSort (0ms)
			DisableScriptedObjects (5ms)
			BackupInstance (0ms)
			ReleaseScriptingObjects (0ms)
			CreateAndSetChildDomain (40ms)
		EndReloadAssembly (1044ms)
			LoadAssemblies (121ms)
			RebuildTransferFunctionScriptingTraits (0ms)
			SetupTypeCache (366ms)
			ReleaseScriptCaches (1ms)
			RebuildScriptCaches (48ms)
			SetupLoadedEditorAssemblies (375ms)
				LogAssemblyErrors (0ms)
				InitializePlatformSupportModulesInManaged (6ms)
				SetLoadedEditorAssemblies (1ms)
				RefreshPlugins (1ms)
				BeforeProcessingInitializeOnLoad (111ms)
				ProcessInitializeOnLoadAttributes (235ms)
				ProcessInitializeOnLoadMethodAttributes (12ms)
				AfterProcessingInitializeOnLoad (9ms)
				EditorAssembliesLoaded (0ms)
			ExecutionOrderSort2 (0ms)
			AwakeInstancesAfterBackupRestoration (9ms)
Platform modules already initialized, skipping
Refreshing native plugins compatible for Editor in 0.46 ms, found 2 plugins.
Preloading 0 native plugins for Editor in 0.00 ms.
Unloading 1542 Unused Serialized files (Serialized files now loaded: 0)
System memory in use before: 87.4 MB.
System memory in use after: 87.5 MB.

Unloading 15 unused Assets to reduce memory usage. Loaded Objects now: 2029.
Total: 3.255700 ms (FindLiveObjects: 0.198900 ms CreateObjectMapping: 0.071400 ms MarkObjects: 2.948500 ms  DeleteObjects: 0.035800 ms)

AssetImportParameters requested are different than current active one (requested -> active):
  custom:framework-win-MediaFoundation: 216162199b28c13a410421893ffa2e32 -> 
  custom:video-decoder-ogg-theora: a1e56fd34408186e4bbccfd4996cb3dc -> 
  custom:container-muxer-webm: aa71ff27fc2769a1b78a27578f13a17b -> 
  custom:container-demuxer-webm: 4f35f7cbe854078d1ac9338744f61a02 -> 
  custom:container-demuxer-ogg: 62fdf1f143b41e24485cea50d1cbac27 -> 
  custom:video-encoder-webm-vp8: eb34c28f22e8b96e1ab97ce403110664 -> 
  custom:video-codec-MediaFoundation-h265: 746d11721c4dcdbdad8f713fa42b33f4 -> 
  custom:video-decoder-webm-vp8: 9c59270c3fd7afecdb556c50c9e8de78 -> 
  custom:audio-decoder-ogg-vorbis: bf7c407c2cedff20999df2af8eb42d56 -> 
  custom:audio-encoder-webm-vorbis: bf7c407c2cedff20999df2af8eb42d56 -> 
========================================================================
Received Prepare
Registering precompiled user dll's ...
Registered in 0.927469 seconds.
Begin MonoManager ReloadAssembly
Native extension for WindowsStandalone target not found
Refreshing native plugins compatible for Editor in 0.56 ms, found 2 plugins.
Preloading 0 native plugins for Editor in 0.00 ms.
Mono: successfully reloaded assembly
- Completed reload, in  8.520 seconds
Domain Reload Profiling:
	ReloadAssembly (8520ms)
		BeginReloadAssembly (3360ms)
			ExecutionOrderSort (0ms)
			DisableScriptedObjects (6ms)
			BackupInstance (0ms)
			ReleaseScriptingObjects (0ms)
			CreateAndSetChildDomain (38ms)
		EndReloadAssembly (5073ms)
			LoadAssemblies (5172ms)
			RebuildTransferFunctionScriptingTraits (0ms)
			SetupTypeCache (1506ms)
			ReleaseScriptCaches (1ms)
			RebuildScriptCaches (48ms)
			SetupLoadedEditorAssemblies (1403ms)
				LogAssemblyErrors (0ms)
				InitializePlatformSupportModulesInManaged (6ms)
				SetLoadedEditorAssemblies (1ms)
				RefreshPlugins (1ms)
				BeforeProcessingInitializeOnLoad (113ms)
				ProcessInitializeOnLoadAttributes (385ms)
				ProcessInitializeOnLoadMethodAttributes (887ms)
				AfterProcessingInitializeOnLoad (9ms)
				EditorAssembliesLoaded (0ms)
			ExecutionOrderSort2 (0ms)
			AwakeInstancesAfterBackupRestoration (9ms)
Platform modules already initialized, skipping
Refreshing native plugins compatible for Editor in 0.45 ms, found 2 plugins.
Preloading 0 native plugins for Editor in 0.00 ms.
Unloading 1542 Unused Serialized files (Serialized files now loaded: 0)
System memory in use before: 87.4 MB.
System memory in use after: 87.5 MB.

Unloading 14 unused Assets to reduce memory usage. Loaded Objects now: 2031.
Total: 3.377500 ms (FindLiveObjects: 0.221000 ms CreateObjectMapping: 0.070300 ms MarkObjects: 3.063000 ms  DeleteObjects: 0.022200 ms)

AssetImportParameters requested are different than current active one (requested -> active):
  custom:framework-win-MediaFoundation: 216162199b28c13a410421893ffa2e32 -> 
  custom:video-decoder-ogg-theora: a1e56fd34408186e4bbccfd4996cb3dc -> 
  custom:container-muxer-webm: aa71ff27fc2769a1b78a27578f13a17b -> 
  custom:container-demuxer-webm: 4f35f7cbe854078d1ac9338744f61a02 -> 
  custom:container-demuxer-ogg: 62fdf1f143b41e24485cea50d1cbac27 -> 
  custom:video-encoder-webm-vp8: eb34c28f22e8b96e1ab97ce403110664 -> 
  custom:video-codec-MediaFoundation-h265: 746d11721c4dcdbdad8f713fa42b33f4 -> 
  custom:video-decoder-webm-vp8: 9c59270c3fd7afecdb556c50c9e8de78 -> 
  custom:audio-decoder-ogg-vorbis: bf7c407c2cedff20999df2af8eb42d56 -> 
  custom:audio-encoder-webm-vorbis: bf7c407c2cedff20999df2af8eb42d56 -> 
========================================================================
Received Prepare
Registering precompiled user dll's ...
Registered in 0.165628 seconds.
Begin MonoManager ReloadAssembly
Native extension for WindowsStandalone target not found
Refreshing native plugins compatible for Editor in 0.53 ms, found 2 plugins.
Preloading 0 native plugins for Editor in 0.00 ms.
Mono: successfully reloaded assembly
- Completed reload, in  1.385 seconds
Domain Reload Profiling:
	ReloadAssembly (1385ms)
		BeginReloadAssembly (140ms)
			ExecutionOrderSort (0ms)
			DisableScriptedObjects (7ms)
			BackupInstance (0ms)
			ReleaseScriptingObjects (0ms)
			CreateAndSetChildDomain (40ms)
		EndReloadAssembly (1153ms)
			LoadAssemblies (126ms)
			RebuildTransferFunctionScriptingTraits (0ms)
			SetupTypeCache (411ms)
			ReleaseScriptCaches (1ms)
			RebuildScriptCaches (54ms)
			SetupLoadedEditorAssemblies (410ms)
				LogAssemblyErrors (0ms)
				InitializePlatformSupportModulesInManaged (7ms)
				SetLoadedEditorAssemblies (1ms)
				RefreshPlugins (1ms)
				BeforeProcessingInitializeOnLoad (122ms)
				ProcessInitializeOnLoadAttributes (256ms)
				ProcessInitializeOnLoadMethodAttributes (13ms)
				AfterProcessingInitializeOnLoad (10ms)
				EditorAssembliesLoaded (0ms)
			ExecutionOrderSort2 (0ms)
			AwakeInstancesAfterBackupRestoration (9ms)
Platform modules already initialized, skipping
Refreshing native plugins compatible for Editor in 0.49 ms, found 2 plugins.
Preloading 0 native plugins for Editor in 0.00 ms.
Unloading 1542 Unused Serialized files (Serialized files now loaded: 0)
System memory in use before: 87.4 MB.
System memory in use after: 87.6 MB.

Unloading 14 unused Assets to reduce memory usage. Loaded Objects now: 2033.
Total: 3.303100 ms (FindLiveObjects: 0.214400 ms CreateObjectMapping: 0.073700 ms MarkObjects: 2.991000 ms  DeleteObjects: 0.022800 ms)

AssetImportParameters requested are different than current active one (requested -> active):
  custom:framework-win-MediaFoundation: 216162199b28c13a410421893ffa2e32 -> 
  custom:video-decoder-ogg-theora: a1e56fd34408186e4bbccfd4996cb3dc -> 
  custom:container-muxer-webm: aa71ff27fc2769a1b78a27578f13a17b -> 
  custom:container-demuxer-webm: 4f35f7cbe854078d1ac9338744f61a02 -> 
  custom:container-demuxer-ogg: 62fdf1f143b41e24485cea50d1cbac27 -> 
  custom:video-encoder-webm-vp8: eb34c28f22e8b96e1ab97ce403110664 -> 
  custom:video-codec-MediaFoundation-h265: 746d11721c4dcdbdad8f713fa42b33f4 -> 
  custom:video-decoder-webm-vp8: 9c59270c3fd7afecdb556c50c9e8de78 -> 
  custom:audio-decoder-ogg-vorbis: bf7c407c2cedff20999df2af8eb42d56 -> 
  custom:audio-encoder-webm-vorbis: bf7c407c2cedff20999df2af8eb42d56 -> 
========================================================================
Received Prepare
Registering precompiled user dll's ...
Registered in 0.008342 seconds.
Begin MonoManager ReloadAssembly
Native extension for WindowsStandalone target not found
Refreshing native plugins compatible for Editor in 0.48 ms, found 2 plugins.
Preloading 0 native plugins for Editor in 0.00 ms.
Mono: successfully reloaded assembly
- Completed reload, in  1.289 seconds
Domain Reload Profiling:
	ReloadAssembly (1290ms)
		BeginReloadAssembly (137ms)
			ExecutionOrderSort (0ms)
			DisableScriptedObjects (6ms)
			BackupInstance (0ms)
			ReleaseScriptingObjects (0ms)
			CreateAndSetChildDomain (39ms)
		EndReloadAssembly (1064ms)
			LoadAssemblies (124ms)
			RebuildTransferFunctionScriptingTraits (0ms)
			SetupTypeCache (370ms)
			ReleaseScriptCaches (1ms)
			RebuildScriptCaches (49ms)
			SetupLoadedEditorAssemblies (386ms)
				LogAssemblyErrors (0ms)
				InitializePlatformSupportModulesInManaged (6ms)
				SetLoadedEditorAssemblies (1ms)
				RefreshPlugins (1ms)
				BeforeProcessingInitializeOnLoad (114ms)
				ProcessInitializeOnLoadAttributes (242ms)
				ProcessInitializeOnLoadMethodAttributes (12ms)
				AfterProcessingInitializeOnLoad (10ms)
				EditorAssembliesLoaded (0ms)
			ExecutionOrderSort2 (0ms)
			AwakeInstancesAfterBackupRestoration (9ms)
Platform modules already initialized, skipping
Refreshing native plugins compatible for Editor in 0.47 ms, found 2 plugins.
Preloading 0 native plugins for Editor in 0.00 ms.
Unloading 1542 Unused Serialized files (Serialized files now loaded: 0)
System memory in use before: 87.5 MB.
System memory in use after: 87.6 MB.

Unloading 14 unused Assets to reduce memory usage. Loaded Objects now: 2035.
Total: 3.649000 ms (FindLiveObjects: 0.195300 ms CreateObjectMapping: 0.067800 ms MarkObjects: 3.363600 ms  DeleteObjects: 0.021200 ms)

AssetImportParameters requested are different than current active one (requested -> active):
  custom:framework-win-MediaFoundation: 216162199b28c13a410421893ffa2e32 -> 
  custom:video-decoder-ogg-theora: a1e56fd34408186e4bbccfd4996cb3dc -> 
  custom:container-muxer-webm: aa71ff27fc2769a1b78a27578f13a17b -> 
  custom:container-demuxer-webm: 4f35f7cbe854078d1ac9338744f61a02 -> 
  custom:container-demuxer-ogg: 62fdf1f143b41e24485cea50d1cbac27 -> 
  custom:video-encoder-webm-vp8: eb34c28f22e8b96e1ab97ce403110664 -> 
  custom:video-codec-MediaFoundation-h265: 746d11721c4dcdbdad8f713fa42b33f4 -> 
  custom:video-decoder-webm-vp8: 9c59270c3fd7afecdb556c50c9e8de78 -> 
  custom:audio-decoder-ogg-vorbis: bf7c407c2cedff20999df2af8eb42d56 -> 
  custom:audio-encoder-webm-vorbis: bf7c407c2cedff20999df2af8eb42d56 -> 
========================================================================
Received Import Request.
  Time since last request: 82795.050799 seconds.
  path: Assets/Easy Character Movement/Examples/Scenes
  artifactKey: Guid(716c52b8a842fec4bb5ec2122e836fce) Importer(815301076,1909f56bfc062723c751e8b465ee728b)
Start importing Assets/Easy Character Movement/Examples/Scenes using Guid(716c52b8a842fec4bb5ec2122e836fce) Importer(815301076,1909f56bfc062723c751e8b465ee728b)  -> (artifact id: 'aef5a272a38fa6c6a4ea78567c53b18c') in 0.038369 seconds 
  Import took 0.041900 seconds .

========================================================================
Received Import Request.
  Time since last request: 30.333059 seconds.
  path: Assets/Easy Character Movement/Examples/Scenes/CIty.unity
  artifactKey: Guid(25eb59acee395ca43b92e7826ea1fc83) Importer(815301076,1909f56bfc062723c751e8b465ee728b)
Start importing Assets/Easy Character Movement/Examples/Scenes/CIty.unity using Guid(25eb59acee395ca43b92e7826ea1fc83) Importer(815301076,1909f56bfc062723c751e8b465ee728b)  -> (artifact id: 'a6a0c4ca8c3918017f79e59c50f92052') in 0.044936 seconds 
  Import took 0.048581 seconds .

========================================================================
Received Import Request.
  Time since last request: 479.110128 seconds.
  path: Assets/Ghost/building-large-0.obj
  artifactKey: Guid(e0bb9d35288b30a4a8395d2c3cc96a12) Importer(815301076,1909f56bfc062723c751e8b465ee728b)
Start importing Assets/Ghost/building-large-0.obj using Guid(e0bb9d35288b30a4a8395d2c3cc96a12) Importer(815301076,1909f56bfc062723c751e8b465ee728b)  -> (artifact id: '44df8d9e6b12256b454f68a4ed8d23e0') in 0.153038 seconds 
  Import took 0.163523 seconds .

========================================================================
Received Import Request.
  Time since last request: 0.000313 seconds.
  path: Assets/Ghost/building-large-0.png
  artifactKey: Guid(3cfdf82dcc614b6478c42aaaa7484b3f) Importer(815301076,1909f56bfc062723c751e8b465ee728b)
Start importing Assets/Ghost/building-large-0.png using Guid(3cfdf82dcc614b6478c42aaaa7484b3f) Importer(815301076,1909f56bfc062723c751e8b465ee728b)  -> (artifact id: '852e9e6a3b4afca9ce4a0ca5831bb873') in 0.055230 seconds 
  Import took 0.058380 seconds .

========================================================================
Received Import Request.
  Time since last request: 26.003180 seconds.
  path: Assets/Ghost/building-large-1.obj
  artifactKey: Guid(e4c1b9ef6514ff14b95c8706e84fb16b) Importer(815301076,1909f56bfc062723c751e8b465ee728b)
Start importing Assets/Ghost/building-large-1.obj using Guid(e4c1b9ef6514ff14b95c8706e84fb16b) Importer(815301076,1909f56bfc062723c751e8b465ee728b)  -> (artifact id: '657645f0e1ae32dd347f5b030758922e') in 0.075917 seconds 
  Import took 0.079316 seconds .

========================================================================
Received Import Request.
  Time since last request: 0.000316 seconds.
  path: Assets/Ghost/building-large-1.png
  artifactKey: Guid(6e99d77df384f814fbbc2ec22fdce2cb) Importer(815301076,1909f56bfc062723c751e8b465ee728b)
Start importing Assets/Ghost/building-large-1.png using Guid(6e99d77df384f814fbbc2ec22fdce2cb) Importer(815301076,1909f56bfc062723c751e8b465ee728b)  -> (artifact id: '503fcfb22d09a111cea16af3e4919b8f') in 0.045829 seconds 
  Import took 0.048980 seconds .

========================================================================
Received Import Request.
  Time since last request: 0.000252 seconds.
  path: Assets/Ghost/building-large-4.png
  artifactKey: Guid(6cc5b5aa923d3aa4ba4c4a70ed460521) Importer(815301076,1909f56bfc062723c751e8b465ee728b)
Start importing Assets/Ghost/building-large-4.png using Guid(6cc5b5aa923d3aa4ba4c4a70ed460521) Importer(815301076,1909f56bfc062723c751e8b465ee728b)  -> (artifact id: '7aeb6e0c7ccc60e2fc4753605bf4d43f') in 0.056364 seconds 
  Import took 0.059561 seconds .

========================================================================
Received Import Request.
  Time since last request: 0.000279 seconds.
  path: Assets/Ghost/building-large-3.png
  artifactKey: Guid(7d7c6d5a391fe6946bfe44d6d4f89be9) Importer(815301076,1909f56bfc062723c751e8b465ee728b)
Start importing Assets/Ghost/building-large-3.png using Guid(7d7c6d5a391fe6946bfe44d6d4f89be9) Importer(815301076,1909f56bfc062723c751e8b465ee728b)  -> (artifact id: '531cf589afdc6ace910dcaf9ae5f6dba') in 0.048834 seconds 
  Import took 0.052071 seconds .

========================================================================
Received Import Request.
  Time since last request: 0.000305 seconds.
  path: Assets/Ghost/building-large-4.obj
  artifactKey: Guid(9fbd369177aeab040b141503c4dcc53b) Importer(815301076,1909f56bfc062723c751e8b465ee728b)
Start importing Assets/Ghost/building-large-4.obj using Guid(9fbd369177aeab040b141503c4dcc53b) Importer(815301076,1909f56bfc062723c751e8b465ee728b)  -> (artifact id: 'cccdf1b99277d27c5e45b08123f6be77') in 0.070546 seconds 
  Import took 0.073876 seconds .

========================================================================
Received Import Request.
  Time since last request: 0.000312 seconds.
  path: Assets/Ghost/building-large-2.obj
  artifactKey: Guid(19a83bad1c2afce4cb47a3902785c22e) Importer(815301076,1909f56bfc062723c751e8b465ee728b)
Start importing Assets/Ghost/building-large-2.obj using Guid(19a83bad1c2afce4cb47a3902785c22e) Importer(815301076,1909f56bfc062723c751e8b465ee728b)  -> (artifact id: 'ab9ef57e81bd5ed8a761b511e5a7b2e0') in 0.072048 seconds 
  Import took 0.075249 seconds .

========================================================================
Received Import Request.
  Time since last request: 3.974584 seconds.
  path: Assets/Ghost/building-large-2.obj
  artifactKey: Guid(19a83bad1c2afce4cb47a3902785c22e) Importer(815301076,1909f56bfc062723c751e8b465ee728b)
Start importing Assets/Ghost/building-large-2.obj using Guid(19a83bad1c2afce4cb47a3902785c22e) Importer(815301076,1909f56bfc062723c751e8b465ee728b)  -> (artifact id: '9274a3f9a461a443d1ce58ebc3b0df49') in 0.075247 seconds 
  Import took 0.078707 seconds .

========================================================================
Received Import Request.
  Time since last request: 0.000211 seconds.
  path: Assets/Ghost/building-large-3.obj
  artifactKey: Guid(ab8a6f738be83f94285240ae6a79a4aa) Importer(815301076,1909f56bfc062723c751e8b465ee728b)
Start importing Assets/Ghost/building-large-3.obj using Guid(ab8a6f738be83f94285240ae6a79a4aa) Importer(815301076,1909f56bfc062723c751e8b465ee728b)  -> (artifact id: 'fff1698c504cb64907150f5c06ad8229') in 0.072265 seconds 
  Import took 0.075567 seconds .

========================================================================
Received Import Request.
  Time since last request: 0.000208 seconds.
  path: Assets/Ghost/building-large-2.png
  artifactKey: Guid(46bf9ed6584e3a74d965dc4d7bd3db35) Importer(815301076,1909f56bfc062723c751e8b465ee728b)
Start importing Assets/Ghost/building-large-2.png using Guid(46bf9ed6584e3a74d965dc4d7bd3db35) Importer(815301076,1909f56bfc062723c751e8b465ee728b)  -> (artifact id: '152557db79c9c04e6de25116d77fea4e') in 0.048340 seconds 
  Import took 0.051568 seconds .

========================================================================
Received Import Request.
  Time since last request: 58.260774 seconds.
  path: Assets/Scenes/Alpha-Build.unity
  artifactKey: Guid(7784ab2408b84c3418682b324c085130) Importer(815301076,1909f56bfc062723c751e8b465ee728b)
Start importing Assets/Scenes/Alpha-Build.unity using Guid(7784ab2408b84c3418682b324c085130) Importer(815301076,1909f56bfc062723c751e8b465ee728b)  -> (artifact id: '45e2a7aec3e9633ea20c46950b3341bb') in 0.034233 seconds 
  Import took 0.037593 seconds .

========================================================================
Received Import Request.
  Time since last request: 263.357533 seconds.
  path: Assets/building-large-0.obj
  artifactKey: Guid(dd4e26909d16b564ba597ccb52ab6946) Importer(815301076,1909f56bfc062723c751e8b465ee728b)
Start importing Assets/building-large-0.obj using Guid(dd4e26909d16b564ba597ccb52ab6946) Importer(815301076,1909f56bfc062723c751e8b465ee728b)  -> (artifact id: 'fd529d6f8088789a2a2ec8418b0943af') in 0.107679 seconds 
  Import took 0.111794 seconds .

========================================================================
Received Prepare
Registering precompiled user dll's ...
Registered in 0.008270 seconds.
Begin MonoManager ReloadAssembly
Native extension for WindowsStandalone target not found
Refreshing native plugins compatible for Editor in 0.47 ms, found 2 plugins.
Preloading 0 native plugins for Editor in 0.00 ms.
Mono: successfully reloaded assembly
- Completed reload, in  1.289 seconds
Domain Reload Profiling:
	ReloadAssembly (1289ms)
		BeginReloadAssembly (147ms)
			ExecutionOrderSort (0ms)
			DisableScriptedObjects (5ms)
			BackupInstance (0ms)
			ReleaseScriptingObjects (0ms)
			CreateAndSetChildDomain (41ms)
		EndReloadAssembly (1056ms)
			LoadAssemblies (122ms)
			RebuildTransferFunctionScriptingTraits (0ms)
			SetupTypeCache (368ms)
			ReleaseScriptCaches (1ms)
			RebuildScriptCaches (48ms)
			SetupLoadedEditorAssemblies (382ms)
				LogAssemblyErrors (0ms)
				InitializePlatformSupportModulesInManaged (6ms)
				SetLoadedEditorAssemblies (1ms)
				RefreshPlugins (1ms)
				BeforeProcessingInitializeOnLoad (114ms)
				ProcessInitializeOnLoadAttributes (238ms)
				ProcessInitializeOnLoadMethodAttributes (12ms)
				AfterProcessingInitializeOnLoad (9ms)
				EditorAssembliesLoaded (0ms)
			ExecutionOrderSort2 (0ms)
			AwakeInstancesAfterBackupRestoration (10ms)
Platform modules already initialized, skipping
Refreshing native plugins compatible for Editor in 0.47 ms, found 2 plugins.
Preloading 0 native plugins for Editor in 0.00 ms.
Unloading 1542 Unused Serialized files (Serialized files now loaded: 0)
System memory in use before: 87.5 MB.
System memory in use after: 87.6 MB.

Unloading 14 unused Assets to reduce memory usage. Loaded Objects now: 2038.
Total: 3.259900 ms (FindLiveObjects: 0.187600 ms CreateObjectMapping: 0.063800 ms MarkObjects: 2.988500 ms  DeleteObjects: 0.018700 ms)

AssetImportParameters requested are different than current active one (requested -> active):
  custom:framework-win-MediaFoundation: 216162199b28c13a410421893ffa2e32 -> 
  custom:video-decoder-ogg-theora: a1e56fd34408186e4bbccfd4996cb3dc -> 
  custom:container-muxer-webm: aa71ff27fc2769a1b78a27578f13a17b -> 
  custom:container-demuxer-webm: 4f35f7cbe854078d1ac9338744f61a02 -> 
  custom:container-demuxer-ogg: 62fdf1f143b41e24485cea50d1cbac27 -> 
  custom:video-encoder-webm-vp8: eb34c28f22e8b96e1ab97ce403110664 -> 
  custom:video-codec-MediaFoundation-h265: 746d11721c4dcdbdad8f713fa42b33f4 -> 
  custom:video-decoder-webm-vp8: 9c59270c3fd7afecdb556c50c9e8de78 -> 
  custom:audio-decoder-ogg-vorbis: bf7c407c2cedff20999df2af8eb42d56 -> 
  custom:audio-encoder-webm-vorbis: bf7c407c2cedff20999df2af8eb42d56 -> 
